--------
30-07-2024 22:54
INFO
Бот успешно запущен по ссылке: https://t.me/Learn_English4_bot
--------
--------
30-07-2024 22:55
ERROR
Бот остановлен
--------
--------
30-07-2024 22:56
INFO
Бот успешно запущен по ссылке: https://t.me/Learn_English4_bot
--------
--------
30-07-2024 22:56
ERROR
Бот остановлен
--------
--------
30-07-2024 22:56
INFO
Бот успешно запущен по ссылке: https://t.me/Learn_English4_bot
--------
--------
30-07-2024 22:57
ERROR
Бот остановлен
--------
--------
30-07-2024 22:57
INFO
Бот успешно запущен по ссылке: https://t.me/Learn_English4_bot
--------
--------
30-07-2024 22:59
ERROR
Бот остановлен
--------
--------
30-07-2024 22:59
INFO
Бот успешно запущен по ссылке: https://t.me/Learn_English4_bot
--------
--------
30-07-2024 23:00
INFO
Пользователь Megagigapoopfart попытался зарегистрироваться повторно
--------
--------
30-07-2024 23:00
ERROR
Бот остановлен
--------
--------
30-07-2024 23:03
INFO
Бот успешно запущен по ссылке: https://t.me/Learn_English4_bot
--------
--------
30-07-2024 23:04
ERROR
Бот остановлен
--------
--------
30-07-2024 23:05
INFO
Бот успешно запущен по ссылке: https://t.me/Learn_English4_bot
--------
--------
30-07-2024 23:09
ERROR
Бот остановлен
--------
--------
30-07-2024 23:09
INFO
Бот успешно запущен по ссылке: https://t.me/Learn_English4_bot
--------
--------
30-07-2024 23:09
ERROR
КРИТИЧЕСКАЯ ОШИБКА: Telegram server says - Unauthorized
--------
--------
30-07-2024 23:10
INFO
Бот успешно запущен по ссылке: https://t.me/Learn_English4_bot
--------
--------
30-07-2024 23:10
ERROR
КРИТИЧЕСКАЯ ОШИБКА: Telegram server says - Unauthorized
--------
--------
30-07-2024 23:11
INFO
Бот успешно запущен по ссылке: https://t.me/Learn_English4_bot
--------
--------
30-07-2024 23:11
ERROR
КРИТИЧЕСКАЯ ОШИБКА: Telegram server says - Unauthorized
--------
--------
30-07-2024 23:13
INFO
Бот успешно запущен по ссылке: https://t.me/Learn_English4_bot
--------
--------
30-07-2024 23:13
ERROR
КРИТИЧЕСКАЯ ОШИБКА: Telegram server says - Unauthorized
--------
--------
30-07-2024 23:14
INFO
Бот успешно запущен по ссылке: https://t.me/Learn_English4_bot
--------
--------
30-07-2024 23:14
ERROR
Бот остановлен
--------
--------
30-07-2024 23:14
INFO
Бот успешно запущен по ссылке: https://t.me/Learn_English4_bot
--------
--------
30-07-2024 23:14
INFO
Пользователь Megagigapoopfart попытался зарегистрироваться повторно
--------
--------
30-07-2024 23:18
ERROR
Бот остановлен
--------
--------
30-07-2024 23:19
INFO
Бот успешно запущен по ссылке: https://t.me/Learn_English4_bot
--------
--------
30-07-2024 23:19
INFO
Пользователь Megagigapoopfart попытался зарегистрироваться повторно
--------
--------
30-07-2024 23:19
ERROR
Бот остановлен
--------
--------
30-07-2024 23:20
INFO
Бот успешно запущен по ссылке: https://t.me/Learn_English4_bot
--------
--------
30-07-2024 23:22
ERROR
Бот остановлен
--------
--------
30-07-2024 23:22
INFO
Бот успешно запущен по ссылке: https://t.me/Learn_English4_bot
--------
--------
30-07-2024 23:24
ERROR
Бот остановлен
--------
--------
30-07-2024 23:24
INFO
Бот успешно запущен по ссылке: https://t.me/Learn_English4_bot
--------
--------
30-07-2024 23:24
ERROR
Бот остановлен
--------
--------
30-07-2024 23:25
INFO
Бот успешно запущен по ссылке: https://t.me/Learn_English4_bot
--------
--------
30-07-2024 23:26
ERROR
Бот остановлен
--------
--------
30-07-2024 23:27
INFO
Бот успешно запущен по ссылке: https://t.me/Learn_English4_bot
--------
--------
30-07-2024 23:28
ERROR
Бот остановлен
--------
