--------
30-07-2024 22:55
ERROR
Бот остановлен
--------
--------
30-07-2024 22:56
ERROR
Бот остановлен
--------
--------
30-07-2024 22:57
ERROR
Бот остановлен
--------
--------
30-07-2024 22:59
ERROR
Бот остановлен
--------
--------
30-07-2024 23:00
ERROR
Бот остановлен
--------
--------
30-07-2024 23:04
ERROR
Бот остановлен
--------
--------
30-07-2024 23:09
ERROR
Бот остановлен
--------
--------
30-07-2024 23:09
ERROR
КРИТИЧЕСКАЯ ОШИБКА: Telegram server says - Unauthorized
--------
--------
30-07-2024 23:10
ERROR
КРИТИЧЕСКАЯ ОШИБКА: Telegram server says - Unauthorized
--------
--------
30-07-2024 23:11
ERROR
КРИТИЧЕСКАЯ ОШИБКА: Telegram server says - Unauthorized
--------
--------
30-07-2024 23:13
ERROR
КРИТИЧЕСКАЯ ОШИБКА: Telegram server says - Unauthorized
--------
--------
30-07-2024 23:14
ERROR
Бот остановлен
--------
--------
30-07-2024 23:18
ERROR
Бот остановлен
--------
--------
30-07-2024 23:19
ERROR
Бот остановлен
--------
--------
30-07-2024 23:22
ERROR
Бот остановлен
--------
--------
30-07-2024 23:24
ERROR
Бот остановлен
--------
--------
30-07-2024 23:24
ERROR
Бот остановлен
--------
--------
30-07-2024 23:26
ERROR
Бот остановлен
--------
--------
30-07-2024 23:28
ERROR
Бот остановлен
--------
